<?xml version="1.0" encoding="UTF-8"?>
<!-- Generated by org.testng.reporters.JUnitReportReporter -->
<testsuite hostname="jeff-VirtualBox" failures="0" tests="1" name="com.example.tests.FacebookLogin" time="11.237" errors="0" timestamp="21 Jan 2020 22:41:40 GMT" skipped="0">
  <testcase classname="com.example.tests.FacebookLogin" name="testFacebookLogin" time="11.237"/>
</testsuite> <!-- com.example.tests.FacebookLogin -->
